2026-02-12 08:32:59.644 WARN  17488 --- [  restartedMain] o.h.o.deprecation                        :152 - HHH90000025: PostgreSQLDialect does not need to be specified explicitly using 'hibernate.dialect' (remove the property setting and it will be selected by default)
2026-02-12 08:33:00.555 WARN  17488 --- [  restartedMain] o.h.o.j.warn                             :250 - HHH000247: ErrorCode: 0, SQLState: 00000
2026-02-12 08:33:00.556 WARN  17488 --- [  restartedMain] o.h.o.j.warn                             :251 - drop cascades to 2 other objects
2026-02-12 08:33:00.561 WARN  17488 --- [  restartedMain] o.h.o.j.warn                             :250 - HHH000247: ErrorCode: 0, SQLState: 00000
2026-02-12 08:33:00.562 WARN  17488 --- [  restartedMain] o.h.o.j.warn                             :251 - drop cascades to 2 other objects
2026-02-12 08:33:00.565 WARN  17488 --- [  restartedMain] o.h.o.j.warn                             :250 - HHH000247: ErrorCode: 0, SQLState: 00000
2026-02-12 08:33:00.566 WARN  17488 --- [  restartedMain] o.h.o.j.warn                             :251 - drop cascades to 2 other objects
2026-02-12 08:33:01.135 WARN  17488 --- [  restartedMain] JpaBaseConfiguration$JpaWebConfiguration :247 - spring.jpa.open-in-view is enabled by default. Therefore, database queries may be performed during view rendering. Explicitly configure spring.jpa.open-in-view to disable this warning
2026-02-12 09:21:44.090 WARN  12188 --- [  restartedMain] o.h.o.deprecation                        :152 - HHH90000025: PostgreSQLDialect does not need to be specified explicitly using 'hibernate.dialect' (remove the property setting and it will be selected by default)
2026-02-12 09:21:46.003 WARN  12188 --- [  restartedMain] o.h.o.j.warn                             :250 - HHH000247: ErrorCode: 0, SQLState: 00000
2026-02-12 09:21:46.004 WARN  12188 --- [  restartedMain] o.h.o.j.warn                             :251 - drop cascades to 2 other objects
2026-02-12 09:21:46.010 WARN  12188 --- [  restartedMain] o.h.o.j.warn                             :250 - HHH000247: ErrorCode: 0, SQLState: 00000
2026-02-12 09:21:46.010 WARN  12188 --- [  restartedMain] o.h.o.j.warn                             :251 - drop cascades to 2 other objects
2026-02-12 09:21:46.015 WARN  12188 --- [  restartedMain] o.h.o.j.warn                             :250 - HHH000247: ErrorCode: 0, SQLState: 00000
2026-02-12 09:21:46.016 WARN  12188 --- [  restartedMain] o.h.o.j.warn                             :251 - drop cascades to 2 other objects
2026-02-12 09:21:47.067 WARN  12188 --- [  restartedMain] JpaBaseConfiguration$JpaWebConfiguration :247 - spring.jpa.open-in-view is enabled by default. Therefore, database queries may be performed during view rendering. Explicitly configure spring.jpa.open-in-view to disable this warning
2026-02-12 10:01:26.300 WARN  23580 --- [  restartedMain] o.h.o.deprecation                        :152 - HHH90000025: PostgreSQLDialect does not need to be specified explicitly using 'hibernate.dialect' (remove the property setting and it will be selected by default)
2026-02-12 10:01:28.334 WARN  23580 --- [  restartedMain] o.h.o.j.warn                             :250 - HHH000247: ErrorCode: 0, SQLState: 00000
2026-02-12 10:01:28.334 WARN  23580 --- [  restartedMain] o.h.o.j.warn                             :251 - drop cascades to 2 other objects
2026-02-12 10:01:28.339 WARN  23580 --- [  restartedMain] o.h.o.j.warn                             :250 - HHH000247: ErrorCode: 0, SQLState: 00000
2026-02-12 10:01:28.340 WARN  23580 --- [  restartedMain] o.h.o.j.warn                             :251 - drop cascades to 2 other objects
2026-02-12 10:01:28.346 WARN  23580 --- [  restartedMain] o.h.o.j.warn                             :250 - HHH000247: ErrorCode: 0, SQLState: 00000
2026-02-12 10:01:28.346 WARN  23580 --- [  restartedMain] o.h.o.j.warn                             :251 - drop cascades to 2 other objects
2026-02-12 10:01:29.268 WARN  23580 --- [  restartedMain] JpaBaseConfiguration$JpaWebConfiguration :247 - spring.jpa.open-in-view is enabled by default. Therefore, database queries may be performed during view rendering. Explicitly configure spring.jpa.open-in-view to disable this warning
2026-02-12 11:45:32.079 WARN  23580 --- [l-1:housekeeper] c.z.h.p.HikariPool                       :825 - HikariPool-1 - Thread starvation or clock leap detected (housekeeper delta=29m36s42ms218µs501ns).
2026-02-12 13:18:47.645 ERROR 39636 --- [  restartedMain] o.f.c.i.c.DbMigrate                      :49 - Schema "public" has version 005, but no migration could be resolved in the configured locations !
2026-02-12 13:18:48.345 WARN  39636 --- [  restartedMain] o.h.o.deprecation                        :152 - HHH90000025: PostgreSQLDialect does not need to be specified explicitly using 'hibernate.dialect' (remove the property setting and it will be selected by default)
2026-02-12 13:18:49.742 WARN  39636 --- [  restartedMain] JpaBaseConfiguration$JpaWebConfiguration :247 - spring.jpa.open-in-view is enabled by default. Therefore, database queries may be performed during view rendering. Explicitly configure spring.jpa.open-in-view to disable this warning
2026-02-12 13:21:47.232 ERROR 26180 --- [  restartedMain] o.f.c.i.c.DbMigrate                      :49 - Schema "public" has version 005, but no migration could be resolved in the configured locations !
2026-02-12 13:21:47.888 WARN  26180 --- [  restartedMain] o.h.o.deprecation                        :152 - HHH90000025: PostgreSQLDialect does not need to be specified explicitly using 'hibernate.dialect' (remove the property setting and it will be selected by default)
2026-02-12 13:21:49.159 WARN  26180 --- [  restartedMain] JpaBaseConfiguration$JpaWebConfiguration :247 - spring.jpa.open-in-view is enabled by default. Therefore, database queries may be performed during view rendering. Explicitly configure spring.jpa.open-in-view to disable this warning
2026-02-12 13:28:52.025 ERROR 28084 --- [  restartedMain] o.f.c.i.c.DbMigrate                      :49 - Schema "public" has version 005, but no migration could be resolved in the configured locations !
2026-02-12 13:28:53.212 WARN  28084 --- [  restartedMain] o.h.o.deprecation                        :152 - HHH90000025: PostgreSQLDialect does not need to be specified explicitly using 'hibernate.dialect' (remove the property setting and it will be selected by default)
2026-02-12 13:28:54.763 WARN  28084 --- [  restartedMain] JpaBaseConfiguration$JpaWebConfiguration :247 - spring.jpa.open-in-view is enabled by default. Therefore, database queries may be performed during view rendering. Explicitly configure spring.jpa.open-in-view to disable this warning
2026-02-12 13:29:02.382 ERROR 28084 --- [  restartedMain] o.f.c.i.c.DbMigrate                      :49 - Schema "public" has version 005, but no migration could be resolved in the configured locations !
2026-02-12 13:29:02.458 WARN  28084 --- [  restartedMain] o.h.o.deprecation                        :152 - HHH90000025: PostgreSQLDialect does not need to be specified explicitly using 'hibernate.dialect' (remove the property setting and it will be selected by default)
2026-02-12 13:29:02.732 WARN  28084 --- [  restartedMain] JpaBaseConfiguration$JpaWebConfiguration :247 - spring.jpa.open-in-view is enabled by default. Therefore, database queries may be performed during view rendering. Explicitly configure spring.jpa.open-in-view to disable this warning
2026-02-12 13:29:36.070 ERROR 16744 --- [  restartedMain] o.f.c.i.c.DbMigrate                      :49 - Schema "public" has version 005, but no migration could be resolved in the configured locations !
2026-02-12 13:29:37.127 WARN  16744 --- [  restartedMain] o.h.o.deprecation                        :152 - HHH90000025: PostgreSQLDialect does not need to be specified explicitly using 'hibernate.dialect' (remove the property setting and it will be selected by default)
2026-02-12 13:29:38.851 WARN  16744 --- [  restartedMain] JpaBaseConfiguration$JpaWebConfiguration :247 - spring.jpa.open-in-view is enabled by default. Therefore, database queries may be performed during view rendering. Explicitly configure spring.jpa.open-in-view to disable this warning
2026-02-12 13:52:52.047 ERROR 39988 --- [  restartedMain] o.f.c.i.c.DbMigrate                      :49 - Schema "public" has version 005, but no migration could be resolved in the configured locations !
2026-02-12 13:52:52.729 WARN  39988 --- [  restartedMain] o.h.o.deprecation                        :152 - HHH90000025: PostgreSQLDialect does not need to be specified explicitly using 'hibernate.dialect' (remove the property setting and it will be selected by default)
2026-02-12 13:52:54.113 WARN  39988 --- [  restartedMain] JpaBaseConfiguration$JpaWebConfiguration :247 - spring.jpa.open-in-view is enabled by default. Therefore, database queries may be performed during view rendering. Explicitly configure spring.jpa.open-in-view to disable this warning
2026-02-12 14:09:42.447 ERROR 15272 --- [  restartedMain] o.f.c.i.c.DbMigrate                      :49 - Schema "public" has version 005, but no migration could be resolved in the configured locations !
2026-02-12 14:09:43.430 WARN  15272 --- [  restartedMain] o.h.o.deprecation                        :152 - HHH90000025: PostgreSQLDialect does not need to be specified explicitly using 'hibernate.dialect' (remove the property setting and it will be selected by default)
2026-02-12 14:09:45.994 WARN  15272 --- [  restartedMain] JpaBaseConfiguration$JpaWebConfiguration :247 - spring.jpa.open-in-view is enabled by default. Therefore, database queries may be performed during view rendering. Explicitly configure spring.jpa.open-in-view to disable this warning
