2026-02-02 08:40:05.800 WARN  20264 --- [  restartedMain] o.f.c.i.c.DbValidate                     :45 - No migrations found. Are your locations set up correctly?
2026-02-02 08:40:06.592 WARN  20264 --- [  restartedMain] o.h.o.deprecation                        :152 - HHH90000025: PostgreSQLDialect does not need to be specified explicitly using 'hibernate.dialect' (remove the property setting and it will be selected by default)
2026-02-02 08:40:07.251 WARN  20264 --- [  restartedMain] JpaBaseConfiguration$JpaWebConfiguration :247 - spring.jpa.open-in-view is enabled by default. Therefore, database queries may be performed during view rendering. Explicitly configure spring.jpa.open-in-view to disable this warning
2026-02-02 08:51:46.763 WARN  20264 --- [ntContainer#0-1] o.s.j.l.DefaultMessageListenerContainer  :1102 - Setup of JMS message listener invoker failed for destination 'training-converter.receive_as_json' - trying to recover. Cause: Session is closed
2026-02-02 08:51:48.794 WARN  20264 --- [l-1:housekeeper] c.z.h.p.PoolBase                         :188 - HikariPool-1 - Failed to validate connection org.postgresql.jdbc.PgConnection@39c1e86c (This connection has been closed.). Possibly consider using a shorter maxLifetime value.
2026-02-02 08:51:57.357 WARN  20264 --- [l-1:housekeeper] c.z.h.p.PoolBase                         :188 - HikariPool-1 - Failed to validate connection org.postgresql.jdbc.PgConnection@6c5079bd (This connection has been closed.). Possibly consider using a shorter maxLifetime value.
2026-02-02 08:52:07.174 WARN  20264 --- [l-1:housekeeper] c.z.h.p.PoolBase                         :188 - HikariPool-1 - Failed to validate connection org.postgresql.jdbc.PgConnection@330b25db (This connection has been closed.). Possibly consider using a shorter maxLifetime value.
2026-02-02 08:52:16.774 ERROR 20264 --- [ntContainer#0-1] o.s.j.l.DefaultMessageListenerContainer  :1170 - Could not refresh JMS Connection for destination 'training-converter.receive_as_json' - retrying using FixedBackOffExecution[interval=5000, currentAttempts=0, maxAttempts=unlimited]. Cause: Failed to create session factory; nested exception is org.apache.activemq.artemis.api.core.ActiveMQConnectionTimedOutException: [errorType=CONNECTION_TIMEDOUT message=AMQ219013: Timed out waiting to receive cluster topology. Group:null]
2026-02-02 08:52:26.384 WARN  20264 --- [l-1:housekeeper] c.z.h.p.PoolBase                         :188 - HikariPool-1 - Failed to validate connection org.postgresql.jdbc.PgConnection@259433c6 (This connection has been closed.). Possibly consider using a shorter maxLifetime value.
2026-02-02 08:52:41.025 WARN  25312 --- [  restartedMain] o.f.c.i.c.DbValidate                     :45 - No migrations found. Are your locations set up correctly?
2026-02-02 08:52:42.035 WARN  25312 --- [  restartedMain] o.h.o.deprecation                        :152 - HHH90000025: PostgreSQLDialect does not need to be specified explicitly using 'hibernate.dialect' (remove the property setting and it will be selected by default)
2026-02-02 08:52:42.959 WARN  25312 --- [  restartedMain] JpaBaseConfiguration$JpaWebConfiguration :247 - spring.jpa.open-in-view is enabled by default. Therefore, database queries may be performed during view rendering. Explicitly configure spring.jpa.open-in-view to disable this warning
2026-02-02 08:56:09.136 WARN  25312 --- [ntContainer#0-1] o.s.j.l.DefaultMessageListenerContainer  :1102 - Setup of JMS message listener invoker failed for destination 'training-converter.receive_as_json' - trying to recover. Cause: AMQ219010: Connection is destroyed
2026-02-02 08:56:23.889 WARN  25312 --- [l-1:housekeeper] c.z.h.p.PoolBase                         :188 - HikariPool-1 - Failed to validate connection org.postgresql.jdbc.PgConnection@5e093524 (This connection has been closed.). Possibly consider using a shorter maxLifetime value.
2026-02-02 08:56:24.241 WARN  25312 --- [l-1:housekeeper] c.z.h.p.PoolBase                         :188 - HikariPool-1 - Failed to validate connection org.postgresql.jdbc.PgConnection@16983b8c (This connection has been closed.). Possibly consider using a shorter maxLifetime value.
2026-02-02 08:56:32.170 WARN  25312 --- [l-1:housekeeper] c.z.h.p.PoolBase                         :188 - HikariPool-1 - Failed to validate connection org.postgresql.jdbc.PgConnection@12f8c6e (This connection has been closed.). Possibly consider using a shorter maxLifetime value.
2026-02-02 08:56:32.356 WARN  25312 --- [l-1:housekeeper] c.z.h.p.PoolBase                         :188 - HikariPool-1 - Failed to validate connection org.postgresql.jdbc.PgConnection@3912ceb6 (This connection has been closed.). Possibly consider using a shorter maxLifetime value.
2026-02-02 08:56:32.434 WARN  25312 --- [l-1:housekeeper] c.z.h.p.PoolBase                         :188 - HikariPool-1 - Failed to validate connection org.postgresql.jdbc.PgConnection@6e81c643 (This connection has been closed.). Possibly consider using a shorter maxLifetime value.
2026-02-02 08:56:33.953 WARN  25312 --- [l-1:housekeeper] c.z.h.p.PoolBase                         :188 - HikariPool-1 - Failed to validate connection org.postgresql.jdbc.PgConnection@13b07b01 (This connection has been closed.). Possibly consider using a shorter maxLifetime value.
2026-02-02 08:56:35.253 WARN  25312 --- [l-1:housekeeper] c.z.h.p.PoolBase                         :188 - HikariPool-1 - Failed to validate connection org.postgresql.jdbc.PgConnection@5c32fbf9 (This connection has been closed.). Possibly consider using a shorter maxLifetime value.
2026-02-02 08:56:37.259 WARN  25312 --- [l-1:housekeeper] c.z.h.p.PoolBase                         :188 - HikariPool-1 - Failed to validate connection org.postgresql.jdbc.PgConnection@737ae9b7 (This connection has been closed.). Possibly consider using a shorter maxLifetime value.
2026-02-02 08:56:39.157 ERROR 25312 --- [ntContainer#0-1] o.s.j.l.DefaultMessageListenerContainer  :1170 - Could not refresh JMS Connection for destination 'training-converter.receive_as_json' - retrying using FixedBackOffExecution[interval=5000, currentAttempts=0, maxAttempts=unlimited]. Cause: Failed to create session factory; nested exception is org.apache.activemq.artemis.api.core.ActiveMQConnectionTimedOutException: [errorType=CONNECTION_TIMEDOUT message=AMQ219013: Timed out waiting to receive cluster topology. Group:null]
2026-02-02 08:56:46.183 ERROR 25312 --- [ntContainer#0-1] o.s.j.l.DefaultMessageListenerContainer  :1170 - Could not refresh JMS Connection for destination 'training-converter.receive_as_json' - retrying using FixedBackOffExecution[interval=5000, currentAttempts=1, maxAttempts=unlimited]. Cause: Failed to create session factory; nested exception is org.apache.activemq.artemis.api.core.ActiveMQNotConnectedException: [errorType=NOT_CONNECTED message=AMQ219007: Cannot connect to server(s). Tried with all available servers.]
2026-02-02 08:57:19.045 WARN  18552 --- [  restartedMain] o.f.c.i.c.DbValidate                     :45 - No migrations found. Are your locations set up correctly?
2026-02-02 08:57:20.167 WARN  18552 --- [  restartedMain] o.h.o.deprecation                        :152 - HHH90000025: PostgreSQLDialect does not need to be specified explicitly using 'hibernate.dialect' (remove the property setting and it will be selected by default)
2026-02-02 08:57:21.256 WARN  18552 --- [  restartedMain] JpaBaseConfiguration$JpaWebConfiguration :247 - spring.jpa.open-in-view is enabled by default. Therefore, database queries may be performed during view rendering. Explicitly configure spring.jpa.open-in-view to disable this warning
2026-02-02 08:58:16.244 WARN  18552 --- [ntContainer#0-1] o.s.j.l.DefaultMessageListenerContainer  :1102 - Setup of JMS message listener invoker failed for destination 'training-converter.receive_as_json' - trying to recover. Cause: Session is closed
2026-02-02 08:58:46.047 WARN  11508 --- [  restartedMain] o.f.c.i.c.DbValidate                     :45 - No migrations found. Are your locations set up correctly?
2026-02-02 08:58:47.118 WARN  11508 --- [  restartedMain] o.h.o.deprecation                        :152 - HHH90000025: PostgreSQLDialect does not need to be specified explicitly using 'hibernate.dialect' (remove the property setting and it will be selected by default)
2026-02-02 08:58:48.188 WARN  11508 --- [  restartedMain] JpaBaseConfiguration$JpaWebConfiguration :247 - spring.jpa.open-in-view is enabled by default. Therefore, database queries may be performed during view rendering. Explicitly configure spring.jpa.open-in-view to disable this warning
