2026-01-30 08:39:26.530 WARN  2724 --- [  restartedMain] o.f.c.i.c.DbValidate                     :45 - No migrations found. Are your locations set up correctly?
2026-01-30 08:39:27.342 WARN  2724 --- [  restartedMain] o.h.o.deprecation                        :152 - HHH90000025: PostgreSQLDialect does not need to be specified explicitly using 'hibernate.dialect' (remove the property setting and it will be selected by default)
2026-01-30 08:39:28.155 WARN  2724 --- [  restartedMain] JpaBaseConfiguration$JpaWebConfiguration :247 - spring.jpa.open-in-view is enabled by default. Therefore, database queries may be performed during view rendering. Explicitly configure spring.jpa.open-in-view to disable this warning
2026-01-30 09:04:08.483 WARN  24188 --- [  restartedMain] o.f.c.i.c.DbValidate                     :45 - No migrations found. Are your locations set up correctly?
2026-01-30 09:04:09.420 WARN  24188 --- [  restartedMain] o.h.o.deprecation                        :152 - HHH90000025: PostgreSQLDialect does not need to be specified explicitly using 'hibernate.dialect' (remove the property setting and it will be selected by default)
2026-01-30 09:04:10.193 WARN  24188 --- [  restartedMain] JpaBaseConfiguration$JpaWebConfiguration :247 - spring.jpa.open-in-view is enabled by default. Therefore, database queries may be performed during view rendering. Explicitly configure spring.jpa.open-in-view to disable this warning
2026-01-30 09:06:55.424 WARN  19764 --- [  restartedMain] o.f.c.i.c.DbValidate                     :45 - No migrations found. Are your locations set up correctly?
2026-01-30 09:06:56.611 WARN  19764 --- [  restartedMain] o.h.o.deprecation                        :152 - HHH90000025: PostgreSQLDialect does not need to be specified explicitly using 'hibernate.dialect' (remove the property setting and it will be selected by default)
2026-01-30 09:06:58.057 WARN  19764 --- [  restartedMain] JpaBaseConfiguration$JpaWebConfiguration :247 - spring.jpa.open-in-view is enabled by default. Therefore, database queries may be performed during view rendering. Explicitly configure spring.jpa.open-in-view to disable this warning
2026-01-30 10:47:14.467 WARN  28036 --- [  restartedMain] o.f.c.i.c.DbValidate                     :45 - No migrations found. Are your locations set up correctly?
2026-01-30 10:47:15.408 WARN  28036 --- [  restartedMain] o.h.o.deprecation                        :152 - HHH90000025: PostgreSQLDialect does not need to be specified explicitly using 'hibernate.dialect' (remove the property setting and it will be selected by default)
2026-01-30 10:47:16.161 WARN  28036 --- [  restartedMain] JpaBaseConfiguration$JpaWebConfiguration :247 - spring.jpa.open-in-view is enabled by default. Therefore, database queries may be performed during view rendering. Explicitly configure spring.jpa.open-in-view to disable this warning
2026-01-30 12:23:10.838 WARN  28036 --- [l-1:housekeeper] c.z.h.p.HikariPool                       :825 - HikariPool-1 - Thread starvation or clock leap detected (housekeeper delta=1h8m25s889ms479µs300ns).
2026-01-30 12:57:58.639 WARN  19580 --- [  restartedMain] o.f.c.i.c.DbValidate                     :45 - No migrations found. Are your locations set up correctly?
2026-01-30 12:57:59.849 WARN  19580 --- [  restartedMain] o.h.o.deprecation                        :152 - HHH90000025: PostgreSQLDialect does not need to be specified explicitly using 'hibernate.dialect' (remove the property setting and it will be selected by default)
2026-01-30 12:58:00.846 WARN  19580 --- [  restartedMain] JpaBaseConfiguration$JpaWebConfiguration :247 - spring.jpa.open-in-view is enabled by default. Therefore, database queries may be performed during view rendering. Explicitly configure spring.jpa.open-in-view to disable this warning
2026-01-30 13:42:14.552 WARN  26276 --- [  restartedMain] o.f.c.i.c.DbValidate                     :45 - No migrations found. Are your locations set up correctly?
2026-01-30 13:42:15.354 WARN  26276 --- [  restartedMain] o.h.o.deprecation                        :152 - HHH90000025: PostgreSQLDialect does not need to be specified explicitly using 'hibernate.dialect' (remove the property setting and it will be selected by default)
2026-01-30 13:42:16.109 WARN  26276 --- [  restartedMain] JpaBaseConfiguration$JpaWebConfiguration :247 - spring.jpa.open-in-view is enabled by default. Therefore, database queries may be performed during view rendering. Explicitly configure spring.jpa.open-in-view to disable this warning
2026-01-30 13:53:37.702 WARN  25872 --- [  restartedMain] o.f.c.i.c.DbValidate                     :45 - No migrations found. Are your locations set up correctly?
2026-01-30 13:53:38.617 WARN  25872 --- [  restartedMain] o.h.o.deprecation                        :152 - HHH90000025: PostgreSQLDialect does not need to be specified explicitly using 'hibernate.dialect' (remove the property setting and it will be selected by default)
2026-01-30 13:53:39.307 WARN  25872 --- [  restartedMain] JpaBaseConfiguration$JpaWebConfiguration :247 - spring.jpa.open-in-view is enabled by default. Therefore, database queries may be performed during view rendering. Explicitly configure spring.jpa.open-in-view to disable this warning
2026-01-30 14:13:59.036 WARN  25872 --- [l-1:housekeeper] c.z.h.p.HikariPool                       :825 - HikariPool-1 - Thread starvation or clock leap detected (housekeeper delta=50s994ms737µs900ns).
2026-01-30 15:38:04.348 WARN  25872 --- [l-1:housekeeper] c.z.h.p.HikariPool                       :825 - HikariPool-1 - Thread starvation or clock leap detected (housekeeper delta=1h24m17s448ms445µs600ns).
2026-01-30 16:48:23.085 WARN  25872 --- [l-1:housekeeper] c.z.h.p.HikariPool                       :825 - HikariPool-1 - Thread starvation or clock leap detected (housekeeper delta=1h18s591ms579µs800ns).
2026-01-30 17:51:27.796 WARN  25872 --- [l-1:housekeeper] c.z.h.p.HikariPool                       :825 - HikariPool-1 - Thread starvation or clock leap detected (housekeeper delta=15m3s847ms391µs200ns).
2026-01-30 18:38:36.162 WARN  25872 --- [l-1:housekeeper] c.z.h.p.HikariPool                       :825 - HikariPool-1 - Thread starvation or clock leap detected (housekeeper delta=37m8s212ms556µs100ns).
2026-01-30 18:52:14.972 WARN  24396 --- [  restartedMain] o.f.c.i.c.DbValidate                     :45 - No migrations found. Are your locations set up correctly?
2026-01-30 18:52:15.945 WARN  24396 --- [  restartedMain] o.h.o.deprecation                        :152 - HHH90000025: PostgreSQLDialect does not need to be specified explicitly using 'hibernate.dialect' (remove the property setting and it will be selected by default)
2026-01-30 18:52:16.716 WARN  24396 --- [  restartedMain] JpaBaseConfiguration$JpaWebConfiguration :247 - spring.jpa.open-in-view is enabled by default. Therefore, database queries may be performed during view rendering. Explicitly configure spring.jpa.open-in-view to disable this warning
2026-01-30 20:03:24.772 WARN  23396 --- [  restartedMain] o.f.c.i.c.DbValidate                     :45 - No migrations found. Are your locations set up correctly?
2026-01-30 20:03:25.805 WARN  23396 --- [  restartedMain] o.h.o.deprecation                        :152 - HHH90000025: PostgreSQLDialect does not need to be specified explicitly using 'hibernate.dialect' (remove the property setting and it will be selected by default)
2026-01-30 20:03:26.630 WARN  23396 --- [  restartedMain] JpaBaseConfiguration$JpaWebConfiguration :247 - spring.jpa.open-in-view is enabled by default. Therefore, database queries may be performed during view rendering. Explicitly configure spring.jpa.open-in-view to disable this warning
2026-01-30 21:00:12.663 WARN  23396 --- [l-1:housekeeper] c.z.h.p.HikariPool                       :825 - HikariPool-1 - Thread starvation or clock leap detected (housekeeper delta=43m17s684ms438µs400ns).
