2026-02-12 10:01:00.498 WARN  9284 --- [  restartedMain] o.h.o.deprecation                        :152 - HHH90000025: PostgreSQLDialect does not need to be specified explicitly using 'hibernate.dialect' (remove the property setting and it will be selected by default)
2026-02-12 10:01:01.246 WARN  9284 --- [  restartedMain] JpaBaseConfiguration$JpaWebConfiguration :247 - spring.jpa.open-in-view is enabled by default. Therefore, database queries may be performed during view rendering. Explicitly configure spring.jpa.open-in-view to disable this warning
2026-02-12 10:02:26.974 WARN  4168 --- [  restartedMain] o.h.o.deprecation                        :152 - HHH90000025: PostgreSQLDialect does not need to be specified explicitly using 'hibernate.dialect' (remove the property setting and it will be selected by default)
2026-02-12 10:02:27.913 WARN  4168 --- [  restartedMain] o.h.o.j.warn                             :250 - HHH000247: ErrorCode: 0, SQLState: 00000
2026-02-12 10:02:27.913 WARN  4168 --- [  restartedMain] o.h.o.j.warn                             :251 - drop cascades to 2 other objects
2026-02-12 10:02:27.917 WARN  4168 --- [  restartedMain] o.h.o.j.warn                             :250 - HHH000247: ErrorCode: 0, SQLState: 00000
2026-02-12 10:02:27.917 WARN  4168 --- [  restartedMain] o.h.o.j.warn                             :251 - drop cascades to 2 other objects
2026-02-12 10:02:27.920 WARN  4168 --- [  restartedMain] o.h.o.j.warn                             :250 - HHH000247: ErrorCode: 0, SQLState: 00000
2026-02-12 10:02:27.920 WARN  4168 --- [  restartedMain] o.h.o.j.warn                             :251 - drop cascades to 2 other objects
2026-02-12 10:02:28.556 WARN  4168 --- [  restartedMain] JpaBaseConfiguration$JpaWebConfiguration :247 - spring.jpa.open-in-view is enabled by default. Therefore, database queries may be performed during view rendering. Explicitly configure spring.jpa.open-in-view to disable this warning
2026-02-12 10:03:50.105 WARN  6100 --- [  restartedMain] o.h.o.deprecation                        :152 - HHH90000025: PostgreSQLDialect does not need to be specified explicitly using 'hibernate.dialect' (remove the property setting and it will be selected by default)
2026-02-12 10:03:50.987 WARN  6100 --- [  restartedMain] o.h.o.j.warn                             :250 - HHH000247: ErrorCode: 0, SQLState: 00000
2026-02-12 10:03:50.988 WARN  6100 --- [  restartedMain] o.h.o.j.warn                             :251 - drop cascades to 2 other objects
2026-02-12 10:03:50.991 WARN  6100 --- [  restartedMain] o.h.o.j.warn                             :250 - HHH000247: ErrorCode: 0, SQLState: 00000
2026-02-12 10:03:50.991 WARN  6100 --- [  restartedMain] o.h.o.j.warn                             :251 - drop cascades to 2 other objects
2026-02-12 10:03:50.994 WARN  6100 --- [  restartedMain] o.h.o.j.warn                             :250 - HHH000247: ErrorCode: 0, SQLState: 00000
2026-02-12 10:03:50.994 WARN  6100 --- [  restartedMain] o.h.o.j.warn                             :251 - drop cascades to 2 other objects
2026-02-12 10:03:51.669 WARN  6100 --- [  restartedMain] JpaBaseConfiguration$JpaWebConfiguration :247 - spring.jpa.open-in-view is enabled by default. Therefore, database queries may be performed during view rendering. Explicitly configure spring.jpa.open-in-view to disable this warning
2026-02-12 10:38:52.483 WARN  6656 --- [  restartedMain] o.h.o.deprecation                        :152 - HHH90000025: PostgreSQLDialect does not need to be specified explicitly using 'hibernate.dialect' (remove the property setting and it will be selected by default)
2026-02-12 10:38:53.487 WARN  6656 --- [  restartedMain] o.h.o.j.warn                             :250 - HHH000247: ErrorCode: 0, SQLState: 00000
2026-02-12 10:38:53.488 WARN  6656 --- [  restartedMain] o.h.o.j.warn                             :251 - drop cascades to 2 other objects
2026-02-12 10:38:53.491 WARN  6656 --- [  restartedMain] o.h.o.j.warn                             :250 - HHH000247: ErrorCode: 0, SQLState: 00000
2026-02-12 10:38:53.491 WARN  6656 --- [  restartedMain] o.h.o.j.warn                             :251 - drop cascades to 2 other objects
2026-02-12 10:38:53.494 WARN  6656 --- [  restartedMain] o.h.o.j.warn                             :250 - HHH000247: ErrorCode: 0, SQLState: 00000
2026-02-12 10:38:53.494 WARN  6656 --- [  restartedMain] o.h.o.j.warn                             :251 - drop cascades to 2 other objects
2026-02-12 10:38:54.171 WARN  6656 --- [  restartedMain] JpaBaseConfiguration$JpaWebConfiguration :247 - spring.jpa.open-in-view is enabled by default. Therefore, database queries may be performed during view rendering. Explicitly configure spring.jpa.open-in-view to disable this warning
2026-02-12 10:45:19.074 WARN  6656 --- [  restartedMain] o.h.o.deprecation                        :152 - HHH90000025: PostgreSQLDialect does not need to be specified explicitly using 'hibernate.dialect' (remove the property setting and it will be selected by default)
2026-02-12 10:45:19.201 WARN  6656 --- [  restartedMain] o.h.o.j.warn                             :250 - HHH000247: ErrorCode: 0, SQLState: 00000
2026-02-12 10:45:19.201 WARN  6656 --- [  restartedMain] o.h.o.j.warn                             :251 - drop cascades to 2 other objects
2026-02-12 10:45:19.206 WARN  6656 --- [  restartedMain] o.h.o.j.warn                             :250 - HHH000247: ErrorCode: 0, SQLState: 00000
2026-02-12 10:45:19.207 WARN  6656 --- [  restartedMain] o.h.o.j.warn                             :251 - drop cascades to 2 other objects
2026-02-12 10:45:19.212 WARN  6656 --- [  restartedMain] o.h.o.j.warn                             :250 - HHH000247: ErrorCode: 0, SQLState: 00000
2026-02-12 10:45:19.213 WARN  6656 --- [  restartedMain] o.h.o.j.warn                             :251 - drop cascades to 2 other objects
2026-02-12 10:45:19.497 WARN  6656 --- [  restartedMain] ConfigServletWebServerApplicationContext :628 - Exception encountered during context initialization - cancelling refresh attempt: org.springframework.beans.factory.BeanCreationException: Error creating bean with name 'ftpServer' defined in class path resource [org/eletra/energy/network/configs/FtpConfig.class]: Failed to instantiate [org.apache.ftpserver.FtpServer]: Factory method 'ftpServer' threw exception with message: Failed to bind to address 0.0.0.0/0.0.0.0:21, check configuration
2026-02-12 10:45:19.581 ERROR 6656 --- [  restartedMain] o.s.b.SpringApplication                  :863 - Application run failed
org.springframework.beans.factory.BeanCreationException: Error creating bean with name 'ftpServer' defined in class path resource [org/eletra/energy/network/configs/FtpConfig.class]: Failed to instantiate [org.apache.ftpserver.FtpServer]: Factory method 'ftpServer' threw exception with message: Failed to bind to address 0.0.0.0/0.0.0.0:21, check configuration
	at org.springframework.beans.factory.support.ConstructorResolver.instantiate(ConstructorResolver.java:657)
	at org.springframework.beans.factory.support.ConstructorResolver.instantiateUsingFactoryMethod(ConstructorResolver.java:489)
	at org.springframework.beans.factory.support.AbstractAutowireCapableBeanFactory.instantiateUsingFactoryMethod(AbstractAutowireCapableBeanFactory.java:1362)
	at org.springframework.beans.factory.support.AbstractAutowireCapableBeanFactory.createBeanInstance(AbstractAutowireCapableBeanFactory.java:1194)
	at org.springframework.beans.factory.support.AbstractAutowireCapableBeanFactory.doCreateBean(AbstractAutowireCapableBeanFactory.java:565)
	at org.springframework.beans.factory.support.AbstractAutowireCapableBeanFactory.createBean(AbstractAutowireCapableBeanFactory.java:525)
	at org.springframework.beans.factory.support.AbstractBeanFactory.lambda$doGetBean$0(AbstractBeanFactory.java:333)
	at org.springframework.beans.factory.support.DefaultSingletonBeanRegistry.getSingleton(DefaultSingletonBeanRegistry.java:371)
	at org.springframework.beans.factory.support.AbstractBeanFactory.doGetBean(AbstractBeanFactory.java:331)
	at org.springframework.beans.factory.support.AbstractBeanFactory.getBean(AbstractBeanFactory.java:196)
	at org.springframework.beans.factory.support.DefaultListableBeanFactory.instantiateSingleton(DefaultListableBeanFactory.java:1218)
	at org.springframework.beans.factory.support.DefaultListableBeanFactory.preInstantiateSingleton(DefaultListableBeanFactory.java:1184)
	at org.springframework.beans.factory.support.DefaultListableBeanFactory.preInstantiateSingletons(DefaultListableBeanFactory.java:1121)
	at org.springframework.context.support.AbstractApplicationContext.finishBeanFactoryInitialization(AbstractApplicationContext.java:993)
	at org.springframework.context.support.AbstractApplicationContext.refresh(AbstractApplicationContext.java:620)
	at org.springframework.boot.web.server.servlet.context.ServletWebServerApplicationContext.refresh(ServletWebServerApplicationContext.java:143)
	at org.springframework.boot.SpringApplication.refresh(SpringApplication.java:756)
	at org.springframework.boot.SpringApplication.refreshContext(SpringApplication.java:445)
	at org.springframework.boot.SpringApplication.run(SpringApplication.java:321)
	at org.springframework.boot.SpringApplication.run(SpringApplication.java:1365)
	at org.springframework.boot.SpringApplication.run(SpringApplication.java:1354)
	at org.eletra.energy.network.NetworkApplication.main(NetworkApplication.java:10)
	at java.base/jdk.internal.reflect.NativeMethodAccessorImpl.invoke0(Native Method)
	at java.base/jdk.internal.reflect.NativeMethodAccessorImpl.invoke(NativeMethodAccessorImpl.java:77)
	at java.base/jdk.internal.reflect.DelegatingMethodAccessorImpl.invoke(DelegatingMethodAccessorImpl.java:43)
	at java.base/java.lang.reflect.Method.invoke(Method.java:569)
	at org.springframework.boot.devtools.restart.RestartLauncher.run(RestartLauncher.java:52)
Caused by: org.springframework.beans.BeanInstantiationException: Failed to instantiate [org.apache.ftpserver.FtpServer]: Factory method 'ftpServer' threw exception with message: Failed to bind to address 0.0.0.0/0.0.0.0:21, check configuration
	at org.springframework.beans.factory.support.SimpleInstantiationStrategy.lambda$instantiate$0(SimpleInstantiationStrategy.java:183)
	at org.springframework.beans.factory.support.SimpleInstantiationStrategy.instantiateWithFactoryMethod(SimpleInstantiationStrategy.java:72)
	at org.springframework.beans.factory.support.SimpleInstantiationStrategy.instantiate(SimpleInstantiationStrategy.java:152)
	at org.springframework.beans.factory.support.ConstructorResolver.instantiate(ConstructorResolver.java:653)
	... 26 more
Caused by: org.apache.ftpserver.FtpServerConfigurationException: Failed to bind to address 0.0.0.0/0.0.0.0:21, check configuration
	at org.apache.ftpserver.listener.nio.NioListener.start(NioListener.java:190)
	at org.apache.ftpserver.impl.DefaultFtpServer.start(DefaultFtpServer.java:83)
	at org.eletra.energy.network.configs.FtpConfig.ftpServer(FtpConfig.java:84)
	at org.eletra.energy.network.configs.FtpConfig$$SpringCGLIB$$0.CGLIB$ftpServer$1(<generated>)
	at org.eletra.energy.network.configs.FtpConfig$$SpringCGLIB$$FastClass$$1.invoke(<generated>)
	at org.springframework.cglib.proxy.MethodProxy.invokeSuper(MethodProxy.java:258)
	at org.springframework.context.annotation.ConfigurationClassEnhancer$BeanMethodInterceptor.intercept(ConfigurationClassEnhancer.java:398)
	at org.eletra.energy.network.configs.FtpConfig$$SpringCGLIB$$0.ftpServer(<generated>)
	at java.base/jdk.internal.reflect.NativeMethodAccessorImpl.invoke0(Native Method)
	at java.base/jdk.internal.reflect.NativeMethodAccessorImpl.invoke(NativeMethodAccessorImpl.java:77)
	at java.base/jdk.internal.reflect.DelegatingMethodAccessorImpl.invoke(DelegatingMethodAccessorImpl.java:43)
	at java.base/java.lang.reflect.Method.invoke(Method.java:569)
	at org.springframework.beans.factory.support.SimpleInstantiationStrategy.lambda$instantiate$0(SimpleInstantiationStrategy.java:155)
	... 29 more
Caused by: java.io.IOException: Error while binding on 0.0.0.0/0.0.0.0:21
	at org.apache.mina.transport.socket.nio.NioSocketAcceptor.open(NioSocketAcceptor.java:300)
	at org.apache.mina.transport.socket.nio.NioSocketAcceptor.open(NioSocketAcceptor.java:52)
	at org.apache.mina.core.polling.AbstractPollingIoAcceptor$Acceptor.registerHandles(AbstractPollingIoAcceptor.java:619)
	at org.apache.mina.core.polling.AbstractPollingIoAcceptor$Acceptor.run(AbstractPollingIoAcceptor.java:516)
	at org.apache.mina.util.NamePreservingRunnable.run(NamePreservingRunnable.java:64)
	at java.base/java.util.concurrent.ThreadPoolExecutor.runWorker(ThreadPoolExecutor.java:1136)
	at java.base/java.util.concurrent.ThreadPoolExecutor$Worker.run(ThreadPoolExecutor.java:635)
	at java.base/java.lang.Thread.run(Thread.java:840)
Caused by: java.net.BindException: Address already in use: bind
	at java.base/sun.nio.ch.Net.bind0(Native Method)
	at java.base/sun.nio.ch.Net.bind(Net.java:555)
	at java.base/sun.nio.ch.ServerSocketChannelImpl.netBind(ServerSocketChannelImpl.java:337)
	at java.base/sun.nio.ch.ServerSocketChannelImpl.bind(ServerSocketChannelImpl.java:294)
	at java.base/sun.nio.ch.ServerSocketAdaptor.bind(ServerSocketAdaptor.java:89)
	at org.apache.mina.transport.socket.nio.NioSocketAcceptor.open(NioSocketAcceptor.java:295)
	... 7 more
2026-02-12 13:08:32.829 WARN  40548 --- [  restartedMain] o.h.o.deprecation                        :152 - HHH90000025: PostgreSQLDialect does not need to be specified explicitly using 'hibernate.dialect' (remove the property setting and it will be selected by default)
2026-02-12 13:08:33.829 WARN  40548 --- [  restartedMain] o.h.o.j.warn                             :250 - HHH000247: ErrorCode: 0, SQLState: 00000
2026-02-12 13:08:33.829 WARN  40548 --- [  restartedMain] o.h.o.j.warn                             :251 - drop cascades to 2 other objects
2026-02-12 13:08:33.834 WARN  40548 --- [  restartedMain] o.h.o.j.warn                             :250 - HHH000247: ErrorCode: 0, SQLState: 00000
2026-02-12 13:08:33.834 WARN  40548 --- [  restartedMain] o.h.o.j.warn                             :251 - drop cascades to 2 other objects
2026-02-12 13:08:33.838 WARN  40548 --- [  restartedMain] o.h.o.j.warn                             :250 - HHH000247: ErrorCode: 0, SQLState: 00000
2026-02-12 13:08:33.838 WARN  40548 --- [  restartedMain] o.h.o.j.warn                             :251 - drop cascades to 2 other objects
2026-02-12 13:08:34.518 WARN  40548 --- [  restartedMain] JpaBaseConfiguration$JpaWebConfiguration :247 - spring.jpa.open-in-view is enabled by default. Therefore, database queries may be performed during view rendering. Explicitly configure spring.jpa.open-in-view to disable this warning
